# JRE version: Java(TM) SE Runtime Environment (8.0_77-b03) (build 1.8.0_77-b03)
# Java VM: Java HotSpot(TM) 64-Bit Server VM (25.77-b03 mixed mode bsd-amd64 compressed oops)
Heap:
 PSYoungGen      total 239104K, used 180118K [0x0000000795580000, 0x00000007a9800000, 0x00000007c0000000)
  eden space 222208K, 73% used [0x0000000795580000,0x000000079f4e72c8,0x00000007a2e80000)
  from space 16896K, 99% used [0x00000007a2e80000,0x00000007a3efe5a0,0x00000007a3f00000)
  to   space 19968K, 0% used [0x00000007a8480000,0x00000007a8480000,0x00000007a9800000)
 ParOldGen       total 97792K, used 25441K [0x0000000740000000, 0x0000000745f80000, 0x0000000795580000)
  object space 97792K, 26% used [0x0000000740000000,0x00000007418d8470,0x0000000745f80000)
 Metaspace       used 56001K, capacity 56486K, committed 57000K, reserved 1099776K
  class space    used 7114K, capacity 7255K, committed 7336K, reserved 1048576K
GC Heap History (10 events):
Event: 5.988 GC heap before
{Heap before GC invocations=9 (full 1):
 PSYoungGen      total 137216K, used 131845K [0x0000000795580000, 0x00000007a1000000, 0x00000007c0000000)
  eden space 125440K, 100% used [0x0000000795580000,0x000000079d000000,0x000000079d000000)
  from space 11776K, 54% used [0x000000079d000000,0x000000079d641470,0x000000079db80000)
  to   space 11264K, 0% used [0x00000007a0500000,0x00000007a0500000,0x00000007a1000000)
 ParOldGen       total 62464K, used 10844K [0x0000000740000000, 0x0000000743d00000, 0x0000000795580000)
  object space 62464K, 17% used [0x0000000740000000,0x0000000740a971f0,0x0000000743d00000)
 Metaspace       used 29156K, capacity 29458K, committed 29824K, reserved 1075200K
  class space    used 3566K, capacity 3644K, committed 3712K, reserved 1048576K
Event: 6.002 GC heap after
Heap after GC invocations=9 (full 1):
 PSYoungGen      total 178688K, used 10783K [0x0000000795580000, 0x00000007a2c00000, 0x00000007c0000000)
  eden space 167424K, 0% used [0x0000000795580000,0x0000000795580000,0x000000079f900000)
  from space 11264K, 95% used [0x00000007a0500000,0x00000007a0f87db8,0x00000007a1000000)
  to   space 12288K, 0% used [0x000000079f900000,0x000000079f900000,0x00000007a0500000)
 ParOldGen       total 62464K, used 10852K [0x0000000740000000, 0x0000000743d00000, 0x0000000795580000)
  object space 62464K, 17% used [0x0000000740000000,0x0000000740a991f0,0x0000000743d00000)
 Metaspace       used 29156K, capacity 29458K, committed 29824K, reserved 1075200K
  class space    used 3566K, capacity 3644K, committed 3712K, reserved 1048576K
}
Event: 6.940 GC heap before
{Heap before GC invocations=10 (full 1):
 PSYoungGen      total 178688K, used 132628K [0x0000000795580000, 0x00000007a2c00000, 0x00000007c0000000)
  eden space 167424K, 72% used [0x0000000795580000,0x000000079cc7d340,0x000000079f900000)
  from space 11264K, 95% used [0x00000007a0500000,0x00000007a0f87db8,0x00000007a1000000)
  to   space 12288K, 0% used [0x000000079f900000,0x000000079f900000,0x00000007a0500000)
 ParOldGen       total 62464K, used 10852K [0x0000000740000000, 0x0000000743d00000, 0x0000000795580000)
  object space 62464K, 17% used [0x0000000740000000,0x0000000740a991f0,0x0000000743d00000)
 Metaspace       used 34979K, capacity 35256K, committed 35496K, reserved 1081344K
  class space    used 4390K, capacity 4483K, committed 4520K, reserved 1048576K
Event: 6.964 GC heap after
Heap after GC invocations=10 (full 1):
 PSYoungGen      total 179712K, used 12269K [0x0000000795580000, 0x00000007a5080000, 0x00000007c0000000)
  eden space 167424K, 0% used [0x0000000795580000,0x0000000795580000,0x000000079f900000)
  from space 12288K, 99% used [0x000000079f900000,0x00000007a04fb5f8,0x00000007a0500000)
  to   space 15360K, 0% used [0x00000007a4180000,0x00000007a4180000,0x00000007a5080000)
 ParOldGen       total 62464K, used 14180K [0x0000000740000000, 0x0000000743d00000, 0x0000000795580000)
  object space 62464K, 22% used [0x0000000740000000,0x0000000740dd92e8,0x0000000743d00000)
 Metaspace       used 34979K, capacity 35256K, committed 35496K, reserved 1081344K
  class space    used 4390K, capacity 4483K, committed 4520K, reserved 1048576K
}
Event: 6.964 GC heap before
{Heap before GC invocations=11 (full 2):
 PSYoungGen      total 179712K, used 12269K [0x0000000795580000, 0x00000007a5080000, 0x00000007c0000000)
  eden space 167424K, 0% used [0x0000000795580000,0x0000000795580000,0x000000079f900000)
  from space 12288K, 99% used [0x000000079f900000,0x00000007a04fb5f8,0x00000007a0500000)
  to   space 15360K, 0% used [0x00000007a4180000,0x00000007a4180000,0x00000007a5080000)
 ParOldGen       total 62464K, used 14180K [0x0000000740000000, 0x0000000743d00000, 0x0000000795580000)
  object space 62464K, 22% used [0x0000000740000000,0x0000000740dd92e8,0x0000000743d00000)
 Metaspace       used 34979K, capacity 35256K, committed 35496K, reserved 1081344K
  class space    used 4390K, capacity 4483K, committed 4520K, reserved 1048576K
Event: 7.059 GC heap after
Heap after GC invocations=11 (full 2):
 PSYoungGen      total 179712K, used 0K [0x0000000795580000, 0x00000007a5080000, 0x00000007c0000000)
  eden space 167424K, 0% used [0x0000000795580000,0x0000000795580000,0x000000079f900000)
  from space 12288K, 0% used [0x000000079f900000,0x000000079f900000,0x00000007a0500000)
  to   space 15360K, 0% used [0x00000007a4180000,0x00000007a4180000,0x00000007a5080000)
 ParOldGen       total 97792K, used 22904K [0x0000000740000000, 0x0000000745f80000, 0x0000000795580000)
  object space 97792K, 23% used [0x0000000740000000,0x000000074165e388,0x0000000745f80000)
 Metaspace       used 34979K, capacity 35256K, committed 35496K, reserved 1081344K
  class space    used 4390K, capacity 4483K, committed 4520K, reserved 1048576K
}
Event: 9.626 GC heap before
{Heap before GC invocations=12 (full 2):
 PSYoungGen      total 179712K, used 167424K [0x0000000795580000, 0x00000007a5080000, 0x00000007c0000000)
  eden space 167424K, 100% used [0x0000000795580000,0x000000079f900000,0x000000079f900000)
  from space 12288K, 0% used [0x000000079f900000,0x000000079f900000,0x00000007a0500000)
  to   space 15360K, 0% used [0x00000007a4180000,0x00000007a4180000,0x00000007a5080000)
 ParOldGen       total 97792K, used 22904K [0x0000000740000000, 0x0000000745f80000, 0x0000000795580000)
  object space 97792K, 23% used [0x0000000740000000,0x000000074165e388,0x0000000745f80000)
 Metaspace       used 42815K, capacity 43202K, committed 43816K, reserved 1087488K
  class space    used 5449K, capacity 5589K, committed 5672K, reserved 1048576K
Event: 9.683 GC heap after
Heap after GC invocations=12 (full 2):
 PSYoungGen      total 232960K, used 13919K [0x0000000795580000, 0x00000007a4f80000, 0x00000007c0000000)
  eden space 218624K, 0% used [0x0000000795580000,0x0000000795580000,0x00000007a2b00000)
  from space 14336K, 97% used [0x00000007a4180000,0x00000007a4f17f08,0x00000007a4f80000)
  to   space 16896K, 0% used [0x00000007a2e80000,0x00000007a2e80000,0x00000007a3f00000)
 ParOldGen       total 97792K, used 22912K [0x0000000740000000, 0x0000000745f80000, 0x0000000795580000)
  object space 97792K, 23% used [0x0000000740000000,0x0000000741660388,0x0000000745f80000)
 Metaspace       used 42815K, capacity 43202K, committed 43816K, reserved 1087488K
  class space    used 5449K, capacity 5589K, committed 5672K, reserved 1048576K
}
Event: 17.763 GC heap before
{Heap before GC invocations=13 (full 2):
 PSYoungGen      total 232960K, used 232543K [0x0000000795580000, 0x00000007a4f80000, 0x00000007c0000000)
  eden space 218624K, 100% used [0x0000000795580000,0x00000007a2b00000,0x00000007a2b00000)
  from space 14336K, 97% used [0x00000007a4180000,0x00000007a4f17f08,0x00000007a4f80000)
  to   space 16896K, 0% used [0x00000007a2e80000,0x00000007a2e80000,0x00000007a3f00000)
 ParOldGen       total 97792K, used 22912K [0x0000000740000000, 0x0000000745f80000, 0x0000000795580000)
  object space 97792K, 23% used [0x0000000740000000,0x0000000741660388,0x0000000745f80000)
 Metaspace       used 49828K, capacity 50216K, committed 50600K, reserved 1093632K
  class space    used 6448K, capacity 6566K, committed 6568K, reserved 1048576K
Event: 18.025 GC heap after
Heap after GC invocations=13 (full 2):
 PSYoungGen      total 239104K, used 16889K [0x0000000795580000, 0x00000007a9800000, 0x00000007c0000000)
  eden space 222208K, 0% used [0x0000000795580000,0x0000000795580000,0x00000007a2e80000)
  from space 16896K, 99% used [0x00000007a2e80000,0x00000007a3efe5a0,0x00000007a3f00000)
  to   space 19968K, 0% used [0x00000007a8480000,0x00000007a8480000,0x00000007a9800000)
 ParOldGen       total 97792K, used 25441K [0x0000000740000000, 0x0000000745f80000, 0x0000000795580000)
  object space 97792K, 26% used [0x0000000740000000,0x00000007418d8470,0x0000000745f80000)
 Metaspace       used 49828K, capacity 50216K, committed 50600K, reserved 1093632K
  class space    used 6448K, capacity 6566K, committed 6568K, reserved 1048576K
}

